Using pre-set license
Built from '2020.3/staging' branch; Version is '2020.3.19f1 (68f137dc9bbe) revision 6877495'; Using compiler version '192528614'; Build Type 'Release'
OS: 'Windows 10 Pro; OS build 19042.1288; Version 2009; 64bit' Language: 'en' Physical Memory: 14213 MB
BatchMode: 1, IsHumanControllingUs: 0, StartBugReporterOnCrash: 0, Is64bit: 1, IsPro: 0

COMMAND LINE ARGUMENTS:
C:\Program Files\Unity\Hub\Editor\2020.3.19f1\Editor\Unity.exe
-adb2
-batchMode
-noUpm
-name
AssetImportWorker0
-projectPath
C:/Users/maconrm180/Documents/Running on Empty/RunningOnEmpty/Running on Empty
-logFile
Logs/AssetImportWorker0.log
-srvPort
63589
Successfully changed project path to: C:/Users/maconrm180/Documents/Running on Empty/RunningOnEmpty/Running on Empty
C:/Users/maconrm180/Documents/Running on Empty/RunningOnEmpty/Running on Empty
Using Asset Import Pipeline V2.
Refreshing native plugins compatible for Editor in 59.37 ms, found 3 plugins.
Preloading 0 native plugins for Editor in 0.00 ms.
Initialize engine version: 2020.3.19f1 (68f137dc9bbe)
[Subsystems] Discovering subsystems at path C:/Program Files/Unity/Hub/Editor/2020.3.19f1/Editor/Data/Resources/UnitySubsystems
[Subsystems] Discovering subsystems at path C:/Users/maconrm180/Documents/Running on Empty/RunningOnEmpty/Running on Empty/Assets
GfxDevice: creating device client; threaded=0
Direct3D:
    Version:  Direct3D 11.0 [level 11.1]
    Renderer: AMD Radeon(TM) RX Vega 10 Graphics (ID=0x15d8)
    Vendor:   
    VRAM:     7106 MB
    Driver:   27.20.11012.14001
Initialize mono
Mono path[0] = 'C:/Program Files/Unity/Hub/Editor/2020.3.19f1/Editor/Data/Managed'
Mono path[1] = 'C:/Program Files/Unity/Hub/Editor/2020.3.19f1/Editor/Data/MonoBleedingEdge/lib/mono/unityjit'
Mono config path = 'C:/Program Files/Unity/Hub/Editor/2020.3.19f1/Editor/Data/MonoBleedingEdge/etc'
Using monoOptions --debugger-agent=transport=dt_socket,embedding=1,server=y,suspend=n,address=127.0.0.1:56224
Begin MonoManager ReloadAssembly
Registering precompiled unity dll's ...
Register platform support module: C:/Program Files/Unity/Hub/Editor/2020.3.19f1/Editor/Data/PlaybackEngines/WindowsStandaloneSupport/UnityEditor.WindowsStandalone.Extensions.dll
Registered in 0.004483 seconds.
Native extension for WindowsStandalone target not found
Refreshing native plugins compatible for Editor in 55.03 ms, found 3 plugins.
Preloading 0 native plugins for Editor in 0.00 ms.
Mono: successfully reloaded assembly
- Completed reload, in  1.798 seconds
Domain Reload Profiling:
	ReloadAssembly (1799ms)
		BeginReloadAssembly (87ms)
			ExecutionOrderSort (0ms)
			DisableScriptedObjects (0ms)
			BackupInstance (0ms)
			ReleaseScriptingObjects (0ms)
			CreateAndSetChildDomain (1ms)
		EndReloadAssembly (602ms)
			LoadAssemblies (83ms)
			RebuildTransferFunctionScriptingTraits (0ms)
			SetupTypeCache (208ms)
			ReleaseScriptCaches (0ms)
			RebuildScriptCaches (42ms)
			SetupLoadedEditorAssemblies (246ms)
				LogAssemblyErrors (0ms)
				InitializePlatformSupportModulesInManaged (6ms)
				SetLoadedEditorAssemblies (0ms)
				RefreshPlugins (55ms)
				BeforeProcessingInitializeOnLoad (25ms)
				ProcessInitializeOnLoadAttributes (106ms)
				ProcessInitializeOnLoadMethodAttributes (52ms)
				AfterProcessingInitializeOnLoad (0ms)
				EditorAssembliesLoaded (1ms)
			ExecutionOrderSort2 (0ms)
			AwakeInstancesAfterBackupRestoration (0ms)
Platform modules already initialized, skipping
Registering precompiled user dll's ...
Registered in 0.010101 seconds.
Begin MonoManager ReloadAssembly
Native extension for WindowsStandalone target not found
Refreshing native plugins compatible for Editor in 50.83 ms, found 3 plugins.
Preloading 0 native plugins for Editor in 0.00 ms.
Mono: successfully reloaded assembly
- Completed reload, in  1.707 seconds
Domain Reload Profiling:
	ReloadAssembly (1708ms)
		BeginReloadAssembly (212ms)
			ExecutionOrderSort (0ms)
			DisableScriptedObjects (6ms)
			BackupInstance (0ms)
			ReleaseScriptingObjects (0ms)
			CreateAndSetChildDomain (28ms)
		EndReloadAssembly (1395ms)
			LoadAssemblies (151ms)
			RebuildTransferFunctionScriptingTraits (0ms)
			SetupTypeCache (460ms)
			ReleaseScriptCaches (1ms)
			RebuildScriptCaches (64ms)
			SetupLoadedEditorAssemblies (506ms)
				LogAssemblyErrors (0ms)
				InitializePlatformSupportModulesInManaged (5ms)
				SetLoadedEditorAssemblies (0ms)
				RefreshPlugins (51ms)
				BeforeProcessingInitializeOnLoad (121ms)
				ProcessInitializeOnLoadAttributes (292ms)
				ProcessInitializeOnLoadMethodAttributes (23ms)
				AfterProcessingInitializeOnLoad (14ms)
				EditorAssembliesLoaded (0ms)
			ExecutionOrderSort2 (0ms)
			AwakeInstancesAfterBackupRestoration (11ms)
Platform modules already initialized, skipping
========================================================================
Worker process is ready to serve import requests
Launched and connected shader compiler UnityShaderCompiler.exe after 0.11 seconds
Refreshing native plugins compatible for Editor in 0.72 ms, found 3 plugins.
Preloading 0 native plugins for Editor in 0.00 ms.
Unloading 2091 Unused Serialized files (Serialized files now loaded: 0)
System memory in use before: 93.8 MB.
System memory in use after: 93.9 MB.

Unloading 26 unused Assets to reduce memory usage. Loaded Objects now: 2531.
Total: 6.448300 ms (FindLiveObjects: 0.407600 ms CreateObjectMapping: 0.094100 ms MarkObjects: 5.797100 ms  DeleteObjects: 0.147200 ms)

AssetImportParameters requested are different than current active one (requested -> active):
  custom:framework-win-MediaFoundation: 216162199b28c13a410421893ffa2e32 -> 
  custom:video-decoder-ogg-theora: a1e56fd34408186e4bbccfd4996cb3dc -> 
  custom:container-muxer-webm: aa71ff27fc2769a1b78a27578f13a17b -> 
  custom:container-demuxer-webm: 4f35f7cbe854078d1ac9338744f61a02 -> 
  custom:container-demuxer-ogg: 62fdf1f143b41e24485cea50d1cbac27 -> 
  custom:video-encoder-webm-vp8: eb34c28f22e8b96e1ab97ce403110664 -> 
  custom:video-codec-MediaFoundation-h265: 746d11721c4dcdbdad8f713fa42b33f4 -> 
  custom:video-decoder-webm-vp8: 9c59270c3fd7afecdb556c50c9e8de78 -> 
  custom:audio-decoder-ogg-vorbis: bf7c407c2cedff20999df2af8eb42d56 -> 
  custom:audio-encoder-webm-vorbis: bf7c407c2cedff20999df2af8eb42d56 -> 
========================================================================
Received Import Request.
  path: Assets/spike C.png
  artifactKey: Guid(2d9979fe53e62b04f839c4c2580f38e3) Importer(815301076,1909f56bfc062723c751e8b465ee728b)
Start importing Assets/spike C.png using Guid(2d9979fe53e62b04f839c4c2580f38e3) Importer(815301076,1909f56bfc062723c751e8b465ee728b)  -> (artifact id: '6780e0684625e0f880be252932218570') in 0.195403 seconds 
  Import took 0.201172 seconds .

========================================================================
Received Import Request.
  Time since last request: 9.318157 seconds.
  path: Assets/spike C.asset
  artifactKey: Guid(0fa3e0389d7425d4581b822df7f349d4) Importer(815301076,1909f56bfc062723c751e8b465ee728b)
Start importing Assets/spike C.asset using Guid(0fa3e0389d7425d4581b822df7f349d4) Importer(815301076,1909f56bfc062723c751e8b465ee728b)  -> (artifact id: '8daeb0c397a28aff893b0f0a8469e7eb') in 0.038443 seconds 
  Import took 0.043847 seconds .

========================================================================
Received Import Request.
  Time since last request: 77.011939 seconds.
  path: Assets/spike C.png
  artifactKey: Guid(2d9979fe53e62b04f839c4c2580f38e3) Importer(815301076,1909f56bfc062723c751e8b465ee728b)
Start importing Assets/spike C.png using Guid(2d9979fe53e62b04f839c4c2580f38e3) Importer(815301076,1909f56bfc062723c751e8b465ee728b)  -> (artifact id: '7ddc5404ef0706106e60ff3cf25a64a4') in 0.026588 seconds 
  Import took 0.032445 seconds .

========================================================================
Received Import Request.
  Time since last request: 95.933399 seconds.
  path: Assets/spike C.png
  artifactKey: Guid(2d9979fe53e62b04f839c4c2580f38e3) Importer(815301076,1909f56bfc062723c751e8b465ee728b)
Start importing Assets/spike C.png using Guid(2d9979fe53e62b04f839c4c2580f38e3) Importer(815301076,1909f56bfc062723c751e8b465ee728b)  -> (artifact id: '42312d9905a2559a6eb167b9ea26d9f6') in 0.031740 seconds 
  Import took 0.037324 seconds .

========================================================================
Received Import Request.
  Time since last request: 23.557776 seconds.
  path: Assets/spike C_1.asset
  artifactKey: Guid(0477a9c248d7826418d954294989c2b5) Importer(815301076,1909f56bfc062723c751e8b465ee728b)
Start importing Assets/spike C_1.asset using Guid(0477a9c248d7826418d954294989c2b5) Importer(815301076,1909f56bfc062723c751e8b465ee728b)  -> (artifact id: '635ab7202be58b0529dbae6ffb4d8da6') in 0.025388 seconds 
  Import took 0.030588 seconds .

========================================================================
Received Import Request.
  Time since last request: 9.204583 seconds.
  path: Assets/spike C_0.asset
  artifactKey: Guid(e94ecc0d2fad57c40ac03d3ba1dea06b) Importer(815301076,1909f56bfc062723c751e8b465ee728b)
Start importing Assets/spike C_0.asset using Guid(e94ecc0d2fad57c40ac03d3ba1dea06b) Importer(815301076,1909f56bfc062723c751e8b465ee728b)  -> (artifact id: '69a995d86b5584d90e16fdb57f76f845') in 0.025683 seconds 
  Import took 0.031137 seconds .

AssetImportWorkerClient::OnTransportError - code=2 error=End of file
